#
# There is insufficient memory for the Java Runtime Environment to continue.
# Native memory allocation (malloc) failed to allocate 1048576 bytes for AllocateHeap
# Possible reasons:
#   The system is out of physical RAM or swap space
#   The process is running with CompressedOops enabled, and the Java Heap may be blocking the growth of the native heap
# Possible solutions:
#   Reduce memory load on the system
#   Increase physical memory or swap space
#   Check if swap backing store is full
#   Decrease Java heap size (-Xmx/-Xms)
#   Decrease number of Java threads
#   Decrease Java thread stack sizes (-Xss)
#   Set larger code cache with -XX:ReservedCodeCacheSize=
#   JVM is running with Unscaled Compressed Oops mode in which the Java heap is
#     placed in the first 4GB address space. The Java Heap base address is the
#     maximum limit for the native heap growth. Please use -XX:HeapBaseMinAddress
#     to set the Java Heap base and to place the Java Heap above 4GB virtual address.
# This output file may be truncated or incomplete.
#
#  Out of Memory Error (allocation.cpp:44), pid=31756, tid=39188
#
# JRE version:  (17.0.1+12) (build )
# Java VM: Java HotSpot(TM) 64-Bit Server VM (17.0.1+12-LTS-39, mixed mode, sharing, tiered, compressed oops, compressed class ptrs, g1 gc, windows-amd64)
# No core dump will be written. Minidumps are not enabled by default on client versions of Windows
#

---------------  S U M M A R Y ------------

Command Line: -Dfile.encoding=UTF-8 --module-path=C:\Users\Anand\Documents\NetBeansProjects\University Management System\build\classes university.management.system.About

Host: Intel(R) Core(TM) i5-1035G1 CPU @ 1.00GHz, 8 cores, 7G,  Windows 10 , 64 bit Build 23511 (10.0.23511.1000)
Time: Tue Aug  1 01:58:42 2023 India Standard Time elapsed time: 0.018668 seconds (0d 0h 0m 0s)

---------------  T H R E A D  ---------------

Current thread (0x000001a73c81ac90):  JavaThread "Unknown thread" [_thread_in_vm, id=39188, stack(0x0000003bbfc00000,0x0000003bbfd00000)]

Stack: [0x0000003bbfc00000,0x0000003bbfd00000]
Native frames: (J=compiled Java code, j=interpreted, Vv=VM code, C=native code)
V  [jvm.dll+0x66fa1a]
V  [jvm.dll+0x7ce5a4]
V  [jvm.dll+0x7cfd4e]
V  [jvm.dll+0x7d03b3]
V  [jvm.dll+0x242b05]
V  [jvm.dll+0xa4673]
V  [jvm.dll+0x2e0b47]
V  [jvm.dll+0x2d8a1b]
V  [jvm.dll+0x7a01e1]
V  [jvm.dll+0x365791]
V  [jvm.dll+0x77f6cc]
V  [jvm.dll+0x3e812f]
V  [jvm.dll+0x3e9bd1]
C  [jli.dll+0x527b]
C  [ucrtbase.dll+0x29363]
C  [KERNEL32.DLL+0x126ad]
C  [ntdll.dll+0x5aa78]


---------------  P R O C E S S  ---------------

Threads class SMR info:
_java_thread_list=0x00007ffb33987818, length=0, elements={
}

Java Threads: ( => current thread )

Other Threads:
  0x000001a73c858f70 GCTaskThread "GC Thread#0" [stack: 0x0000003bbfd00000,0x0000003bbfe00000] [id=17412]

[error occurred during error reporting (printing all threads), id 0xc0000005, EXCEPTION_ACCESS_VIOLATION (0xc0000005) at pc=0x00007ffb331d5a90]

VM state: not at safepoint (not fully initialized)

VM Mutex/Monitor currently owned by a thread:  ([mutex/lock_event])
[0x000001a73c817570] Heap_lock - owner thread: 0x000001a73c81ac90

Heap address: 0x0000000083a00000, size: 1990 MB, Compressed Oops mode: 32-bit

CDS archive(s) mapped at: [0x0000000000000000-0x0000000000000000-0x0000000000000000), size 0, SharedBaseAddress: 0x0000000800000000, ArchiveRelocationMode: 0.
Narrow klass base: 0x0000000000000000, Narrow klass shift: 0, Narrow klass range: 0x0

GC Precious Log:
<Empty>

Heap:
 garbage-first heap   total 0K, used 0K [0x0000000083a00000, 0x0000000100000000)
  region size 1024K, 0 young (0K), 0 survivors (0K)

[error occurred during error reporting (printing heap information), id 0xc0000005, EXCEPTION_ACCESS_VIOLATION (0xc0000005) at pc=0x00007ffb335b8d89]

GC Heap History (0 events):
No events

Deoptimization events (0 events):
No events

Classes unloaded (0 events):
No events

Classes redefined (0 events):
No events

Internal exceptions (0 events):
No events

VM Operations (0 events):
No events

Events (1 events):
Event: 0.014 Loaded shared library C:\Program Files\Java\jdk-17.0.1\bin\java.dll


Dynamic libraries:
0x00007ff643af0000 - 0x00007ff643b00000 	C:\Program Files\Java\jdk-17.0.1\bin\java.exe
0x00007ffc06f30000 - 0x00007ffc07145000 	C:\WINDOWS\SYSTEM32\ntdll.dll
0x00007ffc063d0000 - 0x00007ffc06494000 	C:\WINDOWS\System32\KERNEL32.DLL
0x00007ffc045f0000 - 0x00007ffc04995000 	C:\WINDOWS\System32\KERNELBASE.dll
0x00007ffc04a20000 - 0x00007ffc04b31000 	C:\WINDOWS\System32\ucrtbase.dll
0x00007ffbfc150000 - 0x00007ffbfc168000 	C:\Program Files\Java\jdk-17.0.1\bin\jli.dll
0x00007ffbff5a0000 - 0x00007ffbff5ba000 	C:\Program Files\Java\jdk-17.0.1\bin\VCRUNTIME140.dll
0x00007ffc05e70000 - 0x00007ffc05f1e000 	C:\WINDOWS\System32\ADVAPI32.dll
0x00007ffc064a0000 - 0x00007ffc06547000 	C:\WINDOWS\System32\msvcrt.dll
0x00007ffc055c0000 - 0x00007ffc05664000 	C:\WINDOWS\System32\sechost.dll
0x00007ffc05cc0000 - 0x00007ffc05dd7000 	C:\WINDOWS\System32\RPCRT4.dll
0x00007ffc061e0000 - 0x00007ffc0638e000 	C:\WINDOWS\System32\USER32.dll
0x00007ffc042d0000 - 0x00007ffc042f6000 	C:\WINDOWS\System32\win32u.dll
0x00007ffbf4bf0000 - 0x00007ffbf4e83000 	C:\WINDOWS\WinSxS\amd64_microsoft.windows.common-controls_6595b64144ccf1df_6.0.23511.1000_none_ed7940ee14dc4117\COMCTL32.dll
0x00007ffc05ba0000 - 0x00007ffc05bc9000 	C:\WINDOWS\System32\GDI32.dll
0x00007ffc044d0000 - 0x00007ffc045e9000 	C:\WINDOWS\System32\gdi32full.dll
0x00007ffc04430000 - 0x00007ffc044ca000 	C:\WINDOWS\System32\msvcp_win.dll
0x00007ffbff7f0000 - 0x00007ffbff7fa000 	C:\WINDOWS\SYSTEM32\VERSION.dll
0x00007ffc06390000 - 0x00007ffc063c1000 	C:\WINDOWS\System32\IMM32.DLL
0x00007ffbff590000 - 0x00007ffbff59c000 	C:\Program Files\Java\jdk-17.0.1\bin\vcruntime140_1.dll
0x00007ffb49b10000 - 0x00007ffb49b9d000 	C:\Program Files\Java\jdk-17.0.1\bin\msvcp140.dll
0x00007ffb32ef0000 - 0x00007ffb33aae000 	C:\Program Files\Java\jdk-17.0.1\bin\server\jvm.dll
0x00007ffc05cb0000 - 0x00007ffc05cb8000 	C:\WINDOWS\System32\PSAPI.DLL
0x00007ffbbdb30000 - 0x00007ffbbdb39000 	C:\WINDOWS\SYSTEM32\WSOCK32.dll
0x00007ffbeeba0000 - 0x00007ffbeebd4000 	C:\WINDOWS\SYSTEM32\WINMM.dll
0x00007ffc05df0000 - 0x00007ffc05e61000 	C:\WINDOWS\System32\WS2_32.dll
0x00007ffc03300000 - 0x00007ffc03318000 	C:\WINDOWS\SYSTEM32\kernel.appcore.dll
0x00007ffbff580000 - 0x00007ffbff58a000 	C:\Program Files\Java\jdk-17.0.1\bin\jimage.dll
0x00007ffbfd450000 - 0x00007ffbfd67e000 	C:\WINDOWS\SYSTEM32\DBGHELP.DLL
0x00007ffc057f0000 - 0x00007ffc05b7a000 	C:\WINDOWS\System32\combase.dll
0x00007ffc05bd0000 - 0x00007ffc05ca7000 	C:\WINDOWS\System32\OLEAUT32.dll
0x00007ffbfd410000 - 0x00007ffbfd442000 	C:\WINDOWS\SYSTEM32\dbgcore.DLL
0x00007ffc049a0000 - 0x00007ffc04a1a000 	C:\WINDOWS\System32\bcryptPrimitives.dll
0x00007ffbfcf80000 - 0x00007ffbfcfa5000 	C:\Program Files\Java\jdk-17.0.1\bin\java.dll

dbghelp: loaded successfully - version: 4.0.5 - missing functions: none
symbol engine: initialized successfully - sym options: 0x614 - pdb path: .;C:\Program Files\Java\jdk-17.0.1\bin;C:\WINDOWS\SYSTEM32;C:\WINDOWS\WinSxS\amd64_microsoft.windows.common-controls_6595b64144ccf1df_6.0.23511.1000_none_ed7940ee14dc4117;C:\Program Files\Java\jdk-17.0.1\bin\server

VM Arguments:
jvm_args: -Dfile.encoding=UTF-8 --module-path=C:\Users\Anand\Documents\NetBeansProjects\University Management System\build\classes 
java_command: university.management.system.About
java_class_path (initial): D:\Jar-20230628T052952Z-001\Jar\mysql-connector-java-8.0.28.jar;D:\jcalendar-tz-1.3.3-4.jar;D:\rs2xml.jar;C:\Users\Anand\Documents\NetBeansProjects\University Management System\build\classes
Launcher Type: SUN_STANDARD

[Global flags]
     intx CICompilerCount                          = 4                                         {product} {ergonomic}
     uint ConcGCThreads                            = 2                                         {product} {ergonomic}
     uint G1ConcRefinementThreads                  = 8                                         {product} {ergonomic}
   size_t G1HeapRegionSize                         = 1048576                                   {product} {ergonomic}
    uintx GCDrainStackTargetSize                   = 64                                        {product} {ergonomic}
   size_t InitialHeapSize                          = 132120576                                 {product} {ergonomic}
   size_t MarkStackSize                            = 4194304                                   {product} {ergonomic}
   size_t MaxHeapSize                              = 2086666240                                {product} {ergonomic}
   size_t MinHeapDeltaBytes                        = 1048576                                   {product} {ergonomic}
   size_t MinHeapSize                              = 8388608                                   {product} {ergonomic}
    uintx NonNMethodCodeHeapSize                   = 5839372                                {pd product} {ergonomic}
    uintx NonProfiledCodeHeapSize                  = 122909434                              {pd product} {ergonomic}
    uintx ProfiledCodeHeapSize                     = 122909434                              {pd product} {ergonomic}
    uintx ReservedCodeCacheSize                    = 251658240                              {pd product} {ergonomic}
     bool SegmentedCodeCache                       = true                                      {product} {ergonomic}
   size_t SoftMaxHeapSize                          = 2086666240                             {manageable} {ergonomic}
     bool UseCompressedClassPointers               = true                           {product lp64_product} {ergonomic}
     bool UseCompressedOops                        = true                           {product lp64_product} {ergonomic}
     bool UseG1GC                                  = true                                      {product} {ergonomic}
     bool UseLargePagesIndividualAllocation        = false                                  {pd product} {ergonomic}

Logging:
Log output configuration:
 #0: stdout all=warning uptime,level,tags
 #1: stderr all=off uptime,level,tags

Environment Variables:
JAVA_HOME=C:\Program Files\Amazon Corretto\jdk1.8.0_362
PATH=C:\Program Files\Amazon Corretto\jdk1.8.0_362\bin;C:\Program Files\Common Files\Oracle\Java\javapath;C:\Windows\system32;C:\Windows;C:\Windows\System32\Wbem;C:\Windows\System32\WindowsPowerShell\v1.0\;C:\Windows\System32\OpenSSH\;C:\Program Files\NVIDIA Corporation\NVIDIA NvDLISR;C:\Program Files (x86)\NVIDIA Corporation\PhysX\Common;C:\WINDOWS\system32;C:\WINDOWS;C:\WINDOWS\System32\Wbem;C:\WINDOWS\System32\WindowsPowerShell\v1.0\;C:\WINDOWS\System32\OpenSSH\C:\Program Files\Java\jdk-17.0.1\bin;C:\Program Files\dotnet\;C:\MinGW\bin;C:\WINDOWS\System32\OpenSSH\;C:\Program Files\Git\cmd;C:\Program Files\MySQL\MySQL Shell 8.0\bin\;C:\Users\Anand\AppData\Local\Programs\Python\Python311\Scripts\;C:\Users\Anand\AppData\Local\Programs\Python\Python311\;C:\Users\Anand\AppData\Local\Microsoft\WindowsApps;C:\Users\Anand\AppData\Local\Programs\Microsoft VS Code\bin;C:\Program Files\CodeBlocks\MinGW\bin;;C:\Program Files\JetBrains\IntelliJ IDEA Community Edition 2023.1\bin;;C:\Program Files\JetBrains\PyCharm Community Edition 2022.3.3\bin;
USERNAME=Anand
OS=Windows_NT
PROCESSOR_IDENTIFIER=Intel64 Family 6 Model 126 Stepping 5, GenuineIntel



---------------  S Y S T E M  ---------------

OS:
 Windows 10 , 64 bit Build 23511 (10.0.23511.1000)
OS uptime: 3 days 9:54 hours
Hyper-V role detected

CPU: total 8 (initial active 8) (4 cores per cpu, 2 threads per core) family 6 model 126 stepping 5 microcode 0xb8, cx8, cmov, fxsr, ht, mmx, 3dnowpref, sse, sse2, sse3, ssse3, sse4.1, sse4.2, popcnt, lzcnt, tsc, tscinvbit, avx, avx2, aes, erms, clmul, bmi1, bmi2, adx, avx512f, avx512dq, avx512cd, avx512bw, avx512vl, sha, fma, vzeroupper, avx512_vpopcntdq, avx512_vpclmulqdq, avx512_vaes, avx512_vnni, clflush, clflushopt, avx512_vbmi2, avx512_vbmi, hv

Memory: 4k page, system-wide physical 7959M (411M free)
TotalPageFile size 32535M (AvailPageFile size 5M)
current process WorkingSet (physical memory assigned to process): 11M, peak: 11M
current process commit charge ("private bytes"): 56M, peak: 57M

vm_info: Java HotSpot(TM) 64-Bit Server VM (17.0.1+12-LTS-39) for windows-amd64 JRE (17.0.1+12-LTS-39), built on Sep 27 2021 18:41:35 by "mach5one" with MS VC++ 16.8 (VS2019)

END.
